<?xml version="1.0" encoding="UTF-8"?>
<!-- Generated by org.testng.reporters.JUnitXMLReporter -->
<testsuite hostname="Desktop-7" ignored="0" name="Default test" tests="3" failures="0" timestamp="14 Feb 2018 08:16:50 GMT" time="68.974" errors="0">
  <testcase name="Loginpage" time="0.822" classname="example.Test.NewSmokeTest"/>
  <testcase name="SelectDepart" time="28.271" classname="example.Test.NewSmokeTest"/>
  <testcase name="SelectFlying" time="38.241" classname="example.Test.NewSmokeTest"/>
</testsuite> <!-- Default test -->
