<?xml version="1.0" encoding="UTF-8"?>
<testng-results skipped="0" failed="0" ignored="0" total="3" passed="3">
  <reporter-output>
  </reporter-output>
  <suite name="Default suite" duration-ms="68974" started-at="2018-02-14T08:15:41Z" finished-at="2018-02-14T08:16:50Z">
    <groups>
    </groups>
    <test name="Default test" duration-ms="68974" started-at="2018-02-14T08:15:41Z" finished-at="2018-02-14T08:16:50Z">
      <class name="example.Test.NewSmokeTest">
        <test-method status="PASS" signature="beforeSuite()[pri:0, instance:example.Test.NewSmokeTest@52a86356]" name="beforeSuite" is-config="true" duration-ms="30864" started-at="2018-02-14T13:45:10Z" finished-at="2018-02-14T13:45:41Z">
          <reporter-output>
          </reporter-output>
        </test-method> <!-- beforeSuite -->
        <test-method status="PASS" signature="Firstpage()[pri:0, instance:example.Test.NewSmokeTest@52a86356]" name="Firstpage" is-config="true" duration-ms="1618" started-at="2018-02-14T13:45:41Z" finished-at="2018-02-14T13:45:43Z">
          <reporter-output>
          </reporter-output>
        </test-method> <!-- Firstpage -->
        <test-method status="PASS" signature="Loginpage()[pri:1, instance:example.Test.NewSmokeTest@52a86356]" name="Loginpage" duration-ms="822" started-at="2018-02-14T13:45:43Z" finished-at="2018-02-14T13:45:43Z">
          <reporter-output>
          </reporter-output>
        </test-method> <!-- Loginpage -->
        <test-method status="PASS" signature="SelectDepart()[pri:2, instance:example.Test.NewSmokeTest@52a86356]" name="SelectDepart" duration-ms="28271" started-at="2018-02-14T13:45:43Z" finished-at="2018-02-14T13:46:12Z">
          <reporter-output>
          </reporter-output>
        </test-method> <!-- SelectDepart -->
        <test-method status="PASS" signature="SelectFlying()[pri:3, instance:example.Test.NewSmokeTest@52a86356]" name="SelectFlying" duration-ms="38241" started-at="2018-02-14T13:46:12Z" finished-at="2018-02-14T13:46:50Z">
          <reporter-output>
          </reporter-output>
        </test-method> <!-- SelectFlying -->
      </class> <!-- example.Test.NewSmokeTest -->
    </test> <!-- Default test -->
  </suite> <!-- Default suite -->
</testng-results>
